<?xml version="1.0" encoding="UTF-8"?>
<testsuite xmlns:xsi="http://www.w3.org/2001/XMLSchema-instance" xsi:noNamespaceSchemaLocation="https://maven.apache.org/surefire/maven-surefire-plugin/xsd/surefire-test-report.xsd" name="org.example.redisson.AppTest" time="0.018" tests="1" errors="0" skipped="0" failures="0">
  <properties>
    <property name="sun.desktop" value="windows"/>
    <property name="awt.toolkit" value="sun.awt.windows.WToolkit"/>
    <property name="file.encoding.pkg" value="sun.io"/>
    <property name="java.specification.version" value="1.8"/>
    <property name="sun.cpu.isalist" value="amd64"/>
    <property name="sun.jnu.encoding" value="GBK"/>
    <property name="java.class.path" value="F:\work\my-study\redisson-spring-boot-starter\target\test-classes;F:\work\my-study\redisson-spring-boot-starter\target\classes;F:\soft\maven\localhouse\org\springframework\boot\spring-boot-starter\2.3.1.RELEASE\spring-boot-starter-2.3.1.RELEASE.jar;F:\soft\maven\localhouse\org\springframework\boot\spring-boot\2.3.1.RELEASE\spring-boot-2.3.1.RELEASE.jar;F:\soft\maven\localhouse\org\springframework\spring-context\5.2.7.RELEASE\spring-context-5.2.7.RELEASE.jar;F:\soft\maven\localhouse\org\springframework\spring-aop\5.2.7.RELEASE\spring-aop-5.2.7.RELEASE.jar;F:\soft\maven\localhouse\org\springframework\spring-beans\5.2.7.RELEASE\spring-beans-5.2.7.RELEASE.jar;F:\soft\maven\localhouse\org\springframework\spring-expression\5.2.7.RELEASE\spring-expression-5.2.7.RELEASE.jar;F:\soft\maven\localhouse\org\springframework\boot\spring-boot-autoconfigure\2.3.1.RELEASE\spring-boot-autoconfigure-2.3.1.RELEASE.jar;F:\soft\maven\localhouse\org\springframework\boot\spring-boot-starter-logging\2.3.1.RELEASE\spring-boot-starter-logging-2.3.1.RELEASE.jar;F:\soft\maven\localhouse\ch\qos\logback\logback-classic\1.2.3\logback-classic-1.2.3.jar;F:\soft\maven\localhouse\ch\qos\logback\logback-core\1.2.3\logback-core-1.2.3.jar;F:\soft\maven\localhouse\org\apache\logging\log4j\log4j-to-slf4j\2.13.3\log4j-to-slf4j-2.13.3.jar;F:\soft\maven\localhouse\org\apache\logging\log4j\log4j-api\2.13.3\log4j-api-2.13.3.jar;F:\soft\maven\localhouse\org\slf4j\jul-to-slf4j\1.7.30\jul-to-slf4j-1.7.30.jar;F:\soft\maven\localhouse\jakarta\annotation\jakarta.annotation-api\1.3.5\jakarta.annotation-api-1.3.5.jar;F:\soft\maven\localhouse\org\springframework\spring-core\5.2.7.RELEASE\spring-core-5.2.7.RELEASE.jar;F:\soft\maven\localhouse\org\springframework\spring-jcl\5.2.7.RELEASE\spring-jcl-5.2.7.RELEASE.jar;F:\soft\maven\localhouse\org\yaml\snakeyaml\1.26\snakeyaml-1.26.jar;F:\soft\maven\localhouse\org\redisson\redisson\3.13.1\redisson-3.13.1.jar;F:\soft\maven\localhouse\io\netty\netty-common\4.1.50.Final\netty-common-4.1.50.Final.jar;F:\soft\maven\localhouse\io\netty\netty-codec\4.1.50.Final\netty-codec-4.1.50.Final.jar;F:\soft\maven\localhouse\io\netty\netty-buffer\4.1.50.Final\netty-buffer-4.1.50.Final.jar;F:\soft\maven\localhouse\io\netty\netty-transport\4.1.50.Final\netty-transport-4.1.50.Final.jar;F:\soft\maven\localhouse\io\netty\netty-resolver\4.1.50.Final\netty-resolver-4.1.50.Final.jar;F:\soft\maven\localhouse\io\netty\netty-resolver-dns\4.1.50.Final\netty-resolver-dns-4.1.50.Final.jar;F:\soft\maven\localhouse\io\netty\netty-codec-dns\4.1.50.Final\netty-codec-dns-4.1.50.Final.jar;F:\soft\maven\localhouse\io\netty\netty-handler\4.1.50.Final\netty-handler-4.1.50.Final.jar;F:\soft\maven\localhouse\javax\cache\cache-api\1.0.0\cache-api-1.0.0.jar;F:\soft\maven\localhouse\io\projectreactor\reactor-core\3.3.4.RELEASE\reactor-core-3.3.4.RELEASE.jar;F:\soft\maven\localhouse\org\reactivestreams\reactive-streams\1.0.3\reactive-streams-1.0.3.jar;F:\soft\maven\localhouse\io\reactivex\rxjava2\rxjava\2.2.19\rxjava-2.2.19.jar;F:\soft\maven\localhouse\org\jboss\marshalling\jboss-marshalling-river\2.0.9.Final\jboss-marshalling-river-2.0.9.Final.jar;F:\soft\maven\localhouse\org\jboss\marshalling\jboss-marshalling\2.0.9.Final\jboss-marshalling-2.0.9.Final.jar;F:\soft\maven\localhouse\org\slf4j\slf4j-api\1.7.30\slf4j-api-1.7.30.jar;F:\soft\maven\localhouse\com\fasterxml\jackson\dataformat\jackson-dataformat-yaml\2.10.4\jackson-dataformat-yaml-2.10.4.jar;F:\soft\maven\localhouse\com\fasterxml\jackson\core\jackson-core\2.10.4\jackson-core-2.10.4.jar;F:\soft\maven\localhouse\com\fasterxml\jackson\core\jackson-databind\2.10.4\jackson-databind-2.10.4.jar;F:\soft\maven\localhouse\com\fasterxml\jackson\core\jackson-annotations\2.10.4\jackson-annotations-2.10.4.jar;F:\soft\maven\localhouse\net\bytebuddy\byte-buddy\1.10.7\byte-buddy-1.10.7.jar;F:\soft\maven\localhouse\org\jodd\jodd-bean\5.0.13\jodd-bean-5.0.13.jar;F:\soft\maven\localhouse\org\jodd\jodd-core\5.0.13\jodd-core-5.0.13.jar;F:\soft\maven\localhouse\org\springframework\boot\spring-boot-configuration-processor\2.3.1.RELEASE\spring-boot-configuration-processor-2.3.1.RELEASE.jar;F:\soft\maven\localhouse\junit\junit\4.11\junit-4.11.jar;F:\soft\maven\localhouse\org\hamcrest\hamcrest-core\1.3\hamcrest-core-1.3.jar;"/>
    <property name="java.vm.vendor" value="Oracle Corporation"/>
    <property name="sun.arch.data.model" value="64"/>
    <property name="user.variant" value=""/>
    <property name="java.vendor.url" value="http://java.oracle.com/"/>
    <property name="user.timezone" value="Asia/Shanghai"/>
    <property name="java.vm.specification.version" value="1.8"/>
    <property name="os.name" value="Windows 10"/>
    <property name="user.country" value="CN"/>
    <property name="sun.java.launcher" value="SUN_STANDARD"/>
    <property name="sun.boot.library.path" value="C:\Program Files\Java\jdk1.8.0_144\jre\bin"/>
    <property name="sun.java.command" value="C:\Users\Administrator\AppData\Local\Temp\surefire4328972777403783345\surefirebooter8738900856021115795.jar C:\Users\Administrator\AppData\Local\Temp\surefire4328972777403783345 2020-06-29T22-11-39_661-jvmRun1 surefire3935243936773523568tmp surefire_08095098536999950023tmp"/>
    <property name="surefire.test.class.path" value="F:\work\my-study\redisson-spring-boot-starter\target\test-classes;F:\work\my-study\redisson-spring-boot-starter\target\classes;F:\soft\maven\localhouse\org\springframework\boot\spring-boot-starter\2.3.1.RELEASE\spring-boot-starter-2.3.1.RELEASE.jar;F:\soft\maven\localhouse\org\springframework\boot\spring-boot\2.3.1.RELEASE\spring-boot-2.3.1.RELEASE.jar;F:\soft\maven\localhouse\org\springframework\spring-context\5.2.7.RELEASE\spring-context-5.2.7.RELEASE.jar;F:\soft\maven\localhouse\org\springframework\spring-aop\5.2.7.RELEASE\spring-aop-5.2.7.RELEASE.jar;F:\soft\maven\localhouse\org\springframework\spring-beans\5.2.7.RELEASE\spring-beans-5.2.7.RELEASE.jar;F:\soft\maven\localhouse\org\springframework\spring-expression\5.2.7.RELEASE\spring-expression-5.2.7.RELEASE.jar;F:\soft\maven\localhouse\org\springframework\boot\spring-boot-autoconfigure\2.3.1.RELEASE\spring-boot-autoconfigure-2.3.1.RELEASE.jar;F:\soft\maven\localhouse\org\springframework\boot\spring-boot-starter-logging\2.3.1.RELEASE\spring-boot-starter-logging-2.3.1.RELEASE.jar;F:\soft\maven\localhouse\ch\qos\logback\logback-classic\1.2.3\logback-classic-1.2.3.jar;F:\soft\maven\localhouse\ch\qos\logback\logback-core\1.2.3\logback-core-1.2.3.jar;F:\soft\maven\localhouse\org\apache\logging\log4j\log4j-to-slf4j\2.13.3\log4j-to-slf4j-2.13.3.jar;F:\soft\maven\localhouse\org\apache\logging\log4j\log4j-api\2.13.3\log4j-api-2.13.3.jar;F:\soft\maven\localhouse\org\slf4j\jul-to-slf4j\1.7.30\jul-to-slf4j-1.7.30.jar;F:\soft\maven\localhouse\jakarta\annotation\jakarta.annotation-api\1.3.5\jakarta.annotation-api-1.3.5.jar;F:\soft\maven\localhouse\org\springframework\spring-core\5.2.7.RELEASE\spring-core-5.2.7.RELEASE.jar;F:\soft\maven\localhouse\org\springframework\spring-jcl\5.2.7.RELEASE\spring-jcl-5.2.7.RELEASE.jar;F:\soft\maven\localhouse\org\yaml\snakeyaml\1.26\snakeyaml-1.26.jar;F:\soft\maven\localhouse\org\redisson\redisson\3.13.1\redisson-3.13.1.jar;F:\soft\maven\localhouse\io\netty\netty-common\4.1.50.Final\netty-common-4.1.50.Final.jar;F:\soft\maven\localhouse\io\netty\netty-codec\4.1.50.Final\netty-codec-4.1.50.Final.jar;F:\soft\maven\localhouse\io\netty\netty-buffer\4.1.50.Final\netty-buffer-4.1.50.Final.jar;F:\soft\maven\localhouse\io\netty\netty-transport\4.1.50.Final\netty-transport-4.1.50.Final.jar;F:\soft\maven\localhouse\io\netty\netty-resolver\4.1.50.Final\netty-resolver-4.1.50.Final.jar;F:\soft\maven\localhouse\io\netty\netty-resolver-dns\4.1.50.Final\netty-resolver-dns-4.1.50.Final.jar;F:\soft\maven\localhouse\io\netty\netty-codec-dns\4.1.50.Final\netty-codec-dns-4.1.50.Final.jar;F:\soft\maven\localhouse\io\netty\netty-handler\4.1.50.Final\netty-handler-4.1.50.Final.jar;F:\soft\maven\localhouse\javax\cache\cache-api\1.0.0\cache-api-1.0.0.jar;F:\soft\maven\localhouse\io\projectreactor\reactor-core\3.3.4.RELEASE\reactor-core-3.3.4.RELEASE.jar;F:\soft\maven\localhouse\org\reactivestreams\reactive-streams\1.0.3\reactive-streams-1.0.3.jar;F:\soft\maven\localhouse\io\reactivex\rxjava2\rxjava\2.2.19\rxjava-2.2.19.jar;F:\soft\maven\localhouse\org\jboss\marshalling\jboss-marshalling-river\2.0.9.Final\jboss-marshalling-river-2.0.9.Final.jar;F:\soft\maven\localhouse\org\jboss\marshalling\jboss-marshalling\2.0.9.Final\jboss-marshalling-2.0.9.Final.jar;F:\soft\maven\localhouse\org\slf4j\slf4j-api\1.7.30\slf4j-api-1.7.30.jar;F:\soft\maven\localhouse\com\fasterxml\jackson\dataformat\jackson-dataformat-yaml\2.10.4\jackson-dataformat-yaml-2.10.4.jar;F:\soft\maven\localhouse\com\fasterxml\jackson\core\jackson-core\2.10.4\jackson-core-2.10.4.jar;F:\soft\maven\localhouse\com\fasterxml\jackson\core\jackson-databind\2.10.4\jackson-databind-2.10.4.jar;F:\soft\maven\localhouse\com\fasterxml\jackson\core\jackson-annotations\2.10.4\jackson-annotations-2.10.4.jar;F:\soft\maven\localhouse\net\bytebuddy\byte-buddy\1.10.7\byte-buddy-1.10.7.jar;F:\soft\maven\localhouse\org\jodd\jodd-bean\5.0.13\jodd-bean-5.0.13.jar;F:\soft\maven\localhouse\org\jodd\jodd-core\5.0.13\jodd-core-5.0.13.jar;F:\soft\maven\localhouse\org\springframework\boot\spring-boot-configuration-processor\2.3.1.RELEASE\spring-boot-configuration-processor-2.3.1.RELEASE.jar;F:\soft\maven\localhouse\junit\junit\4.11\junit-4.11.jar;F:\soft\maven\localhouse\org\hamcrest\hamcrest-core\1.3\hamcrest-core-1.3.jar;"/>
    <property name="sun.cpu.endian" value="little"/>
    <property name="user.home" value="C:\Users\Administrator"/>
    <property name="user.language" value="zh"/>
    <property name="java.specification.vendor" value="Oracle Corporation"/>
    <property name="java.home" value="C:\Program Files\Java\jdk1.8.0_144\jre"/>
    <property name="basedir" value="F:\work\my-study\redisson-spring-boot-starter"/>
    <property name="file.separator" value="\"/>
    <property name="line.separator" value="&#10;"/>
    <property name="java.vm.specification.vendor" value="Oracle Corporation"/>
    <property name="java.specification.name" value="Java Platform API Specification"/>
    <property name="java.awt.graphicsenv" value="sun.awt.Win32GraphicsEnvironment"/>
    <property name="surefire.real.class.path" value="C:\Users\Administrator\AppData\Local\Temp\surefire4328972777403783345\surefirebooter8738900856021115795.jar"/>
    <property name="sun.boot.class.path" value="C:\Program Files\Java\jdk1.8.0_144\jre\lib\resources.jar;C:\Program Files\Java\jdk1.8.0_144\jre\lib\rt.jar;C:\Program Files\Java\jdk1.8.0_144\jre\lib\sunrsasign.jar;C:\Program Files\Java\jdk1.8.0_144\jre\lib\jsse.jar;C:\Program Files\Java\jdk1.8.0_144\jre\lib\jce.jar;C:\Program Files\Java\jdk1.8.0_144\jre\lib\charsets.jar;C:\Program Files\Java\jdk1.8.0_144\jre\lib\jfr.jar;C:\Program Files\Java\jdk1.8.0_144\jre\classes"/>
    <property name="user.script" value=""/>
    <property name="sun.management.compiler" value="HotSpot 64-Bit Tiered Compilers"/>
    <property name="java.runtime.version" value="1.8.0_144-b01"/>
    <property name="user.name" value="Administrator"/>
    <property name="path.separator" value=";"/>
    <property name="os.version" value="10.0"/>
    <property name="java.endorsed.dirs" value="C:\Program Files\Java\jdk1.8.0_144\jre\lib\endorsed"/>
    <property name="java.runtime.name" value="Java(TM) SE Runtime Environment"/>
    <property name="file.encoding" value="GBK"/>
    <property name="java.vm.name" value="Java HotSpot(TM) 64-Bit Server VM"/>
    <property name="localRepository" value="F:\soft\maven\localhouse"/>
    <property name="java.vendor.url.bug" value="http://bugreport.sun.com/bugreport/"/>
    <property name="java.io.tmpdir" value="C:\Users\Administrator\AppData\Local\Temp\"/>
    <property name="java.version" value="1.8.0_144"/>
    <property name="user.dir" value="F:\work\my-study\redisson-spring-boot-starter"/>
    <property name="os.arch" value="amd64"/>
    <property name="java.vm.specification.name" value="Java Virtual Machine Specification"/>
    <property name="java.awt.printerjob" value="sun.awt.windows.WPrinterJob"/>
    <property name="sun.os.patch.level" value=""/>
    <property name="idea.version2019.3.4" value="true"/>
    <property name="java.library.path" value="C:\Program Files\Java\jdk1.8.0_144\jre\bin;C:\Windows\Sun\Java\bin;C:\Windows\system32;C:\Windows;C:\ProgramData\Oracle\Java\javapath;C:\Windows\system32;C:\Windows;C:\Windows\System32\Wbem;C:\Windows\System32\WindowsPowerShell\v1.0\;C:\Windows\System32\OpenSSH\;C:\Program Files (x86)\Intel\Intel(R) Management Engine Components\DAL;C:\Program Files\Intel\Intel(R) Management Engine Components\DAL;E:\Download\Git\cmd;&quot;C:\Program Files\Java\jdk1.8.0_144\bin;C:\Program Files\Java\jdk1.8.0_144\jre\bin&quot;;F:\soft\maven\apache-maven-3.6.3\bin;E:\installSoft\;C:\cygwin64\bin;F:\work\my-study\go\bin;C:\Program Files (x86)\Yarn\bin\;C:\Go\bin;C:\Users\Administrator\AppData\Local\Microsoft\WindowsApps;E:\Download;C:\Users\Administrator\AppData\Roaming\npm;F:\work\my-study\go\bin;C:\Users\Administrator\AppData\Local\Yarn\bin;C:\Users\Administrator\go\bin;."/>
    <property name="java.vm.info" value="mixed mode"/>
    <property name="java.vendor" value="Oracle Corporation"/>
    <property name="java.vm.version" value="25.144-b01"/>
    <property name="java.ext.dirs" value="C:\Program Files\Java\jdk1.8.0_144\jre\lib\ext;C:\Windows\Sun\Java\lib\ext"/>
    <property name="sun.io.unicode.encoding" value="UnicodeLittle"/>
    <property name="java.class.version" value="52.0"/>
  </properties>
  <testcase name="shouldAnswerWithTrue" classname="org.example.redisson.AppTest" time="0.002"/>
</testsuite>